<?xml version="1.0" encoding="UTF-8"?>
<testng-results ignored="0" total="1" passed="1" failed="0" skipped="0">
  <reporter-output>
  </reporter-output>
  <suite started-at="2026-05-15T13:10:51 IST" name="Default suite" finished-at="2026-05-15T13:13:52 IST" duration-ms="181351">
    <groups>
    </groups>
    <test started-at="2026-05-15T13:10:51 IST" name="Default test" finished-at="2026-05-15T13:13:52 IST" duration-ms="181351">
      <class name="com.demowebshop.test.CreateOrder">
        <test-method is-config="true" signature="launchBrowser()[pri:0, instance:com.demowebshop.test.CreateOrder@4f209819]" started-at="2026-05-15T13:10:51 IST" name="launchBrowser" finished-at="2026-05-15T13:12:45 IST" duration-ms="113901" status="PASS">
          <reporter-output>
          </reporter-output>
        </test-method> <!-- launchBrowser -->
        <test-method is-config="true" signature="login()[pri:0, instance:com.demowebshop.test.CreateOrder@4f209819]" started-at="2026-05-15T13:12:45 IST" name="login" finished-at="2026-05-15T13:12:51 IST" duration-ms="6220" status="PASS">
          <reporter-output>
          </reporter-output>
        </test-method> <!-- login -->
        <test-method signature="getOrderId()[pri:0, instance:com.demowebshop.test.CreateOrder@4f209819]" started-at="2026-05-15T13:12:51 IST" name="getOrderId" finished-at="2026-05-15T13:13:47 IST" duration-ms="55362" status="PASS">
          <reporter-output>
          </reporter-output>
        </test-method> <!-- getOrderId -->
        <test-method is-config="true" signature="logout()[pri:0, instance:com.demowebshop.test.CreateOrder@4f209819]" started-at="2026-05-15T13:13:47 IST" name="logout" finished-at="2026-05-15T13:13:51 IST" duration-ms="4747" status="PASS">
          <reporter-output>
          </reporter-output>
        </test-method> <!-- logout -->
        <test-method is-config="true" signature="closeBrowser()[pri:0, instance:com.demowebshop.test.CreateOrder@4f209819]" started-at="2026-05-15T13:13:51 IST" name="closeBrowser" finished-at="2026-05-15T13:13:52 IST" duration-ms="973" status="PASS">
          <reporter-output>
          </reporter-output>
        </test-method> <!-- closeBrowser -->
      </class> <!-- com.demowebshop.test.CreateOrder -->
    </test> <!-- Default test -->
  </suite> <!-- Default suite -->
</testng-results>
