<?xml version="1.0" encoding="UTF-8"?>
<testng-results ignored="0" total="1" passed="1" failed="0" skipped="0">
  <reporter-output>
  </reporter-output>
  <suite started-at="2026-03-07T13:04:09 IST" name="Default suite" finished-at="2026-03-07T13:04:58 IST" duration-ms="48960">
    <groups>
    </groups>
    <test started-at="2026-03-07T13:04:09 IST" name="Default test" finished-at="2026-03-07T13:04:58 IST" duration-ms="48960">
      <class name="com.demowebshop.test.CreateOrder">
        <test-method is-config="true" signature="launchBrowser()[pri:0, instance:com.demowebshop.test.CreateOrder@3f197a46]" started-at="2026-03-07T13:04:09 IST" name="launchBrowser" finished-at="2026-03-07T13:04:15 IST" duration-ms="5990" status="PASS">
          <reporter-output>
          </reporter-output>
        </test-method> <!-- launchBrowser -->
        <test-method is-config="true" signature="login()[pri:0, instance:com.demowebshop.test.CreateOrder@3f197a46]" started-at="2026-03-07T13:04:15 IST" name="login" finished-at="2026-03-07T13:04:18 IST" duration-ms="2351" status="PASS">
          <reporter-output>
          </reporter-output>
        </test-method> <!-- login -->
        <test-method signature="getOrderId()[pri:0, instance:com.demowebshop.test.CreateOrder@3f197a46]" started-at="2026-03-07T13:04:18 IST" name="getOrderId" finished-at="2026-03-07T13:04:56 IST" duration-ms="38885" status="PASS">
          <reporter-output>
          </reporter-output>
        </test-method> <!-- getOrderId -->
        <test-method is-config="true" signature="logout()[pri:0, instance:com.demowebshop.test.CreateOrder@3f197a46]" started-at="2026-03-07T13:04:56 IST" name="logout" finished-at="2026-03-07T13:04:58 IST" duration-ms="1206" status="PASS">
          <reporter-output>
          </reporter-output>
        </test-method> <!-- logout -->
        <test-method is-config="true" signature="closeBrowser()[pri:0, instance:com.demowebshop.test.CreateOrder@3f197a46]" started-at="2026-03-07T13:04:58 IST" name="closeBrowser" finished-at="2026-03-07T13:04:58 IST" duration-ms="450" status="PASS">
          <reporter-output>
          </reporter-output>
        </test-method> <!-- closeBrowser -->
      </class> <!-- com.demowebshop.test.CreateOrder -->
    </test> <!-- Default test -->
  </suite> <!-- Default suite -->
</testng-results>
